<?xml version="1.0" encoding="UTF-8"?>
<!-- Generated by org.testng.reporters.JUnitReportReporter -->
<testsuite skipped="0" hostname="Macbooks-MacBook-Pro.local" name="stepDefinition.fsmFSTPOTestRunner" tests="1" failures="0" timestamp="06 Sep 2021 07:42:44 GMT" time="248.505" errors="0">
  <testcase name="runScenario" time="248.505" classname="stepDefinition.fsmFSTPOTestRunner"/>
</testsuite> <!-- stepDefinition.fsmFSTPOTestRunner -->
