<?xml version="1.0" encoding="UTF-8"?>
<!-- Generated by org.testng.reporters.JUnitReportReporter -->
<testsuite skipped="0" hostname="Macbooks-MacBook-Pro.local" name="stepDefinition.fsmCOLLTestRunner" tests="1" failures="0" timestamp="03 Sep 2021 08:31:34 GMT" time="30.792" errors="0">
  <testcase name="runScenario" time="30.792" classname="stepDefinition.fsmCOLLTestRunner"/>
</testsuite> <!-- stepDefinition.fsmCOLLTestRunner -->
