<?xml version="1.0" encoding="UTF-8"?>
<!-- Generated by org.testng.reporters.JUnitReportReporter -->
<testsuite skipped="5" hostname="Macbooks-MacBook-Pro.local" name="stepDefinition.PGR_Test_Runner" tests="5" failures="0" timestamp="21 Oct 2021 06:29:21 GMT" time="133.388" errors="0">
  <testcase name="runScenario" time="14.028" classname="stepDefinition.PGR_Test_Runner">
    <skipped/>
  </testcase> <!-- runScenario -->
  <testcase name="runScenario" time="13.981" classname="stepDefinition.PGR_Test_Runner">
    <skipped/>
  </testcase> <!-- runScenario -->
  <testcase name="runScenario" time="70.394" classname="stepDefinition.PGR_Test_Runner">
    <skipped/>
  </testcase> <!-- runScenario -->
  <testcase name="runScenario" time="18.931" classname="stepDefinition.PGR_Test_Runner">
    <skipped/>
  </testcase> <!-- runScenario -->
  <testcase name="runScenario" time="16.054" classname="stepDefinition.PGR_Test_Runner">
    <skipped/>
  </testcase> <!-- runScenario -->
</testsuite> <!-- stepDefinition.PGR_Test_Runner -->
