<?xml version="1.0" encoding="UTF-8"?>
<!-- Generated by org.testng.reporters.JUnitReportReporter -->
<testsuite skipped="0" hostname="Macbooks-MacBook-Pro.local" name="stepDefinition.FSM_Test_Runner" tests="8" failures="0" timestamp="18 Oct 2021 06:31:34 GMT" time="286.901" errors="0">
  <testcase name="runScenario" time="34.052" classname="stepDefinition.FSM_Test_Runner"/>
  <testcase name="runScenario" time="50.923" classname="stepDefinition.FSM_Test_Runner"/>
  <testcase name="runScenario" time="33.691" classname="stepDefinition.FSM_Test_Runner"/>
  <testcase name="runScenario" time="45.352" classname="stepDefinition.FSM_Test_Runner"/>
  <testcase name="runScenario" time="25.807" classname="stepDefinition.FSM_Test_Runner"/>
  <testcase name="runScenario" time="38.931" classname="stepDefinition.FSM_Test_Runner"/>
  <testcase name="runScenario" time="33.294" classname="stepDefinition.FSM_Test_Runner"/>
  <testcase name="runScenario" time="24.851" classname="stepDefinition.FSM_Test_Runner"/>
</testsuite> <!-- stepDefinition.FSM_Test_Runner -->
