<?xml version="1.0" encoding="UTF-8"?>
<!-- Generated by org.testng.reporters.JUnitReportReporter -->
<testsuite skipped="0" hostname="Macbooks-MacBook-Pro.local" name="stepDefinition.fsmCETestRunner" tests="1" failures="0" timestamp="03 Sep 2021 05:53:58 GMT" time="35.524" errors="0">
  <testcase name="runScenario" time="35.524" classname="stepDefinition.fsmCETestRunner"/>
</testsuite> <!-- stepDefinition.fsmCETestRunner -->
