<?xml version="1.0" encoding="UTF-8"?>
<!-- Generated by org.testng.reporters.JUnitReportReporter -->
<testsuite skipped="0" hostname="Macbooks-MacBook-Pro.local" name="stepDefinition.fsmDSOTestRunner" tests="1" failures="0" timestamp="03 Sep 2021 10:56:09 GMT" time="24.944" errors="0">
  <testcase name="runScenario" time="24.944" classname="stepDefinition.fsmDSOTestRunner"/>
</testsuite> <!-- stepDefinition.fsmDSOTestRunner -->
