<?xml version="1.0" encoding="UTF-8"?>
<!-- Generated by org.testng.reporters.JUnitReportReporter -->
<testsuite skipped="0" hostname="Macbooks-MacBook-Pro.local" name="stepDefinition.mCollect_Test_Runner" tests="2" failures="0" timestamp="14 Oct 2021 11:41:18 GMT" time="97.402" errors="0">
  <testcase name="runScenario" time="46.218" classname="stepDefinition.mCollect_Test_Runner"/>
  <testcase name="runScenario" time="51.184" classname="stepDefinition.mCollect_Test_Runner"/>
</testsuite> <!-- stepDefinition.mCollect_Test_Runner -->
